#
# There is insufficient memory for the Java Runtime Environment to continue.
# Native memory allocation (malloc) failed to allocate 350976 bytes for Chunk::new
# Possible reasons:
#   The system is out of physical RAM or swap space
#   In 32 bit mode, the process size limit was hit
# Possible solutions:
#   Reduce memory load on the system
#   Increase physical memory or swap space
#   Check if swap backing store is full
#   Use 64 bit Java on a 64 bit OS
#   Decrease Java heap size (-Xmx/-Xms)
#   Decrease number of Java threads
#   Decrease Java thread stack sizes (-Xss)
#   Set larger code cache with -XX:ReservedCodeCacheSize=
# This output file may be truncated or incomplete.
#
#  Out of Memory Error (allocation.cpp:390), pid=8036, tid=0x0000000000000ca0
#
# JRE version: Java(TM) SE Runtime Environment (8.0_111-b14) (build 1.8.0_111-b14)
# Java VM: Java HotSpot(TM) 64-Bit Server VM (25.111-b14 mixed mode windows-amd64 compressed oops)
# Failed to write core dump. Minidumps are not enabled by default on client versions of Windows
#

---------------  T H R E A D  ---------------

Current thread (0x0000000016009000):  JavaThread "C2 CompilerThread0" daemon [_thread_in_native, id=3232, stack(0x0000000017060000,0x0000000017160000)]

Stack: [0x0000000017060000,0x0000000017160000]
[error occurred during error reporting (printing stack bounds), id 0xc0000005]

Native frames: (J=compiled Java code, j=interpreted, Vv=VM code, C=native code)


Current CompileTask:
C2:2678320 7023       4       org.gradle.cache.internal.btree.CachingBlockStore::read (56 bytes)


---------------  P R O C E S S  ---------------

Java Threads: ( => current thread )
  0x000000001b674000 JavaThread "Cache worker for cache directory md-rule (C:\Users\fallm\.gradle\caches\5.4.1\md-rule)" [_thread_blocked, id=1216, stack(0x0000000021660000,0x0000000021760000)]
  0x000000001b671800 JavaThread "Cache worker for cache directory md-supplier (C:\Users\fallm\.gradle\caches\5.4.1\md-supplier)" [_thread_blocked, id=628, stack(0x0000000021560000,0x0000000021660000)]
  0x000000001b665800 JavaThread "Cache worker for file hash cache (C:\Users\fallm\AndroidStudioProjects\MyApplication\.gradle\5.4.1\fileHashes)" [_thread_blocked, id=7456, stack(0x0000000021460000,0x0000000021560000)]
  0x000000001b66c800 JavaThread "Thread-28" [_thread_blocked, id=6320, stack(0x0000000021360000,0x0000000021460000)]
  0x000000001b667000 JavaThread "Stdin handler" [_thread_blocked, id=8072, stack(0x0000000021260000,0x0000000021360000)]
  0x000000001b666800 JavaThread "Asynchronous log dispatcher for DefaultDaemonConnection: socket connection from /127.0.0.1:51247 to /127.0.0.1:51401" [_thread_blocked, id=7688, stack(0x0000000021160000,0x0000000021260000)]
  0x000000001b668000 JavaThread "Daemon worker Thread 2" [_thread_in_native, id=168, stack(0x0000000021060000,0x0000000021160000)]
  0x000000001b66b800 JavaThread "Cancel handler" [_thread_blocked, id=7664, stack(0x0000000020f60000,0x0000000021060000)]
  0x000000001b66b000 JavaThread "Handler for socket connection from /127.0.0.1:51247 to /127.0.0.1:51401" [_thread_in_native, id=5584, stack(0x0000000020e60000,0x0000000020f60000)]
  0x000000001b669800 JavaThread "Daemon Thread 2" [_thread_blocked, id=7532, stack(0x0000000020d60000,0x0000000020e60000)]
  0x000000001b668800 JavaThread "Memory manager" [_thread_blocked, id=1580, stack(0x000000001fe40000,0x000000001ff40000)]
  0x0000000018702000 JavaThread "Cache worker for execution history cache (C:\Users\fallm\.gradle\caches\5.4.1\executionHistory)" [_thread_blocked, id=6172, stack(0x000000001ea40000,0x000000001eb40000)]
  0x0000000018705000 JavaThread "Cache worker for journal cache (C:\Users\fallm\.gradle\caches\journal-1)" [_thread_blocked, id=5496, stack(0x000000001a3e0000,0x000000001a4e0000)]
  0x0000000018703800 JavaThread "File lock request listener" [_thread_in_native, id=2384, stack(0x000000001a2e0000,0x000000001a3e0000)]
  0x0000000018704000 JavaThread "Cache worker for file hash cache (C:\Users\fallm\.gradle\caches\5.4.1\fileHashes)" [_thread_blocked, id=4468, stack(0x000000001a1e0000,0x000000001a2e0000)]
  0x0000000017714800 JavaThread "Daemon periodic checks" [_thread_blocked, id=276, stack(0x00000000197e0000,0x00000000198e0000)]
  0x0000000017feb800 JavaThread "Incoming local TCP Connector on port 51247" [_thread_in_native, id=2472, stack(0x00000000196e0000,0x00000000197e0000)]
  0x0000000017f6f000 JavaThread "Daemon health stats" [_thread_blocked, id=1224, stack(0x00000000191a0000,0x00000000192a0000)]
  0x000000001606a800 JavaThread "Service Thread" daemon [_thread_blocked, id=5112, stack(0x0000000017260000,0x0000000017360000)]
  0x0000000016063800 JavaThread "C1 CompilerThread1" daemon [_thread_blocked, id=7224, stack(0x0000000017160000,0x0000000017260000)]
=>0x0000000016009000 JavaThread "C2 CompilerThread0" daemon [_thread_in_native, id=3232, stack(0x0000000017060000,0x0000000017160000)]
  0x0000000016007800 JavaThread "Attach Listener" daemon [_thread_blocked, id=6584, stack(0x0000000016f60000,0x0000000017060000)]
  0x0000000016004000 JavaThread "Signal Dispatcher" daemon [_thread_blocked, id=6492, stack(0x0000000016e60000,0x0000000016f60000)]
  0x0000000015ff8800 JavaThread "Finalizer" daemon [_thread_blocked, id=7280, stack(0x0000000016c40000,0x0000000016d40000)]
  0x00000000028cc800 JavaThread "Reference Handler" daemon [_thread_blocked, id=3760, stack(0x0000000016b40000,0x0000000016c40000)]
  0x00000000027e1000 JavaThread "main" [_thread_blocked, id=5180, stack(0x00000000025f0000,0x00000000026f0000)]

Other Threads:
  0x0000000015fd6000 VMThread [stack: 0x0000000016a40000,0x0000000016b40000] [id=2348]
  0x000000001606f000 WatcherThread [stack: 0x00000000174d0000,0x00000000175d0000] [id=4932]

VM state:not at safepoint (normal execution)

VM Mutex/Monitor currently owned by a thread: None

Heap:
 PSYoungGen      total 33792K, used 28110K [0x00000000e0000000, 0x00000000e2900000, 0x0000000100000000)
  eden space 30208K, 81% used [0x00000000e0000000,0x00000000e17f5088,0x00000000e1d80000)
  from space 3584K, 99% used [0x00000000e1d80000,0x00000000e20fea90,0x00000000e2100000)
  to   space 4096K, 0% used [0x00000000e2500000,0x00000000e2500000,0x00000000e2900000)
 ParOldGen       total 50688K, used 29377K [0x00000000a0000000, 0x00000000a3180000, 0x00000000e0000000)
  object space 50688K, 57% used [0x00000000a0000000,0x00000000a1cb0408,0x00000000a3180000)
 Metaspace       used 61686K, capacity 63440K, committed 63616K, reserved 1103872K
  class space    used 8318K, capacity 8733K, committed 8832K, reserved 1048576K

Card table byte_map: [0x0000000011ca0000,0x0000000011fb0000] byte_map_base: 0x00000000117a0000

Marking Bits: (ParMarkBitMap*) 0x000000006cdba6c0
 Begin Bits: [0x00000000123b0000, 0x0000000013bb0000)
 End Bits:   [0x0000000013bb0000, 0x00000000153b0000)

Polling page: 0x0000000000a10000

CodeCache: size=245760Kb used=19185Kb max_used=19185Kb free=226574Kb
 bounds [0x00000000028e0000, 0x0000000003bc0000, 0x00000000118e0000]
 total_blobs=6820 nmethods=6029 adapters=703
 compilation: enabled

Compilation events (10 events):
Event: 2677.487 Thread 0x0000000016063800 nmethod 7026 0x0000000003badc10 code [0x0000000003badee0, 0x0000000003baf168]
Event: 2677.487 Thread 0x0000000016063800 7029       3       org.gradle.internal.resolve.result.DefaultBuildableComponentIdResolveResult::getId (9 bytes)
Event: 2677.488 Thread 0x0000000016063800 nmethod 7029 0x0000000003baffd0 code [0x0000000003bb0140, 0x0000000003bb0448]
Event: 2677.488 Thread 0x0000000016063800 7031       3       org.gradle.internal.component.external.model.AbstractMutableModuleComponentResolveMetadata::setChanging (6 bytes)
Event: 2677.488 Thread 0x0000000016063800 nmethod 7031 0x0000000002a8ca50 code [0x0000000002a8cba0, 0x0000000002a8ccf0]
Event: 2677.488 Thread 0x0000000016063800 7030       3       org.gradle.api.internal.artifacts.ivyservice.modulecache.StringDeduplicatingDecoder::readByte (10 bytes)
Event: 2677.489 Thread 0x0000000016063800 nmethod 7030 0x0000000003bb05d0 code [0x0000000003bb0740, 0x0000000003bb0968]
Event: 2677.489 Thread 0x0000000016063800 7028       3       org.gradle.api.internal.artifacts.ivyservice.ivyresolve.ErrorHandlingModuleComponentRepository::getId (10 bytes)
Event: 2677.489 Thread 0x0000000016063800 nmethod 7028 0x0000000003bb0a10 code [0x0000000003bb0b80, 0x0000000003bb0da8]
Event: 2677.489 Thread 0x0000000016063800 7027       3       org.gradle.launcher.daemon.server.health.gc.GarbageCollectionStats::forNonHeap (37 bytes)

GC Heap History (10 events):
Event: 236.324 GC heap before
{Heap before GC invocations=52 (full 2):
 PSYoungGen      total 27136K, used 25320K [0x00000000e0000000, 0x00000000e2200000, 0x0000000100000000)
  eden space 23040K, 100% used [0x00000000e0000000,0x00000000e1680000,0x00000000e1680000)
  from space 4096K, 55% used [0x00000000e1680000,0x00000000e18ba010,0x00000000e1a80000)
  to   space 4096K, 0% used [0x00000000e1e00000,0x00000000e1e00000,0x00000000e2200000)
 ParOldGen       total 30720K, used 25054K [0x00000000a0000000, 0x00000000a1e00000, 0x00000000e0000000)
  object space 30720K, 81% used [0x00000000a0000000,0x00000000a1877b38,0x00000000a1e00000)
 Metaspace       used 55459K, capacity 56930K, committed 57216K, reserved 1097728K
  class space    used 7690K, capacity 8030K, committed 8064K, reserved 1048576K
Event: 236.352 GC heap after
Heap after GC invocations=52 (full 2):
 PSYoungGen      total 30720K, used 2696K [0x00000000e0000000, 0x00000000e2200000, 0x0000000100000000)
  eden space 26624K, 0% used [0x00000000e0000000,0x00000000e0000000,0x00000000e1a00000)
  from space 4096K, 65% used [0x00000000e1e00000,0x00000000e20a2378,0x00000000e2200000)
  to   space 4096K, 0% used [0x00000000e1a00000,0x00000000e1a00000,0x00000000e1e00000)
 ParOldGen       total 30720K, used 26494K [0x00000000a0000000, 0x00000000a1e00000, 0x00000000e0000000)
  object space 30720K, 86% used [0x00000000a0000000,0x00000000a19dfb68,0x00000000a1e00000)
 Metaspace       used 55459K, capacity 56930K, committed 57216K, reserved 1097728K
  class space    used 7690K, capacity 8030K, committed 8064K, reserved 1048576K
}
Event: 240.349 GC heap before
{Heap before GC invocations=53 (full 2):
 PSYoungGen      total 30720K, used 29320K [0x00000000e0000000, 0x00000000e2200000, 0x0000000100000000)
  eden space 26624K, 100% used [0x00000000e0000000,0x00000000e1a00000,0x00000000e1a00000)
  from space 4096K, 65% used [0x00000000e1e00000,0x00000000e20a2378,0x00000000e2200000)
  to   space 4096K, 0% used [0x00000000e1a00000,0x00000000e1a00000,0x00000000e1e00000)
 ParOldGen       total 30720K, used 26494K [0x00000000a0000000, 0x00000000a1e00000, 0x00000000e0000000)
  object space 30720K, 86% used [0x00000000a0000000,0x00000000a19dfb68,0x00000000a1e00000)
 Metaspace       used 57078K, capacity 58632K, committed 58752K, reserved 1099776K
  class space    used 7936K, capacity 8289K, committed 8320K, reserved 1048576K
Event: 240.363 GC heap after
Heap after GC invocations=53 (full 2):
 PSYoungGen      total 30720K, used 2176K [0x00000000e0000000, 0x00000000e2580000, 0x0000000100000000)
  eden space 26624K, 0% used [0x00000000e0000000,0x00000000e0000000,0x00000000e1a00000)
  from space 4096K, 53% used [0x00000000e1a00000,0x00000000e1c20378,0x00000000e1e00000)
  to   space 4096K, 0% used [0x00000000e2180000,0x00000000e2180000,0x00000000e2580000)
 ParOldGen       total 30720K, used 27553K [0x00000000a0000000, 0x00000000a1e00000, 0x00000000e0000000)
  object space 30720K, 89% used [0x00000000a0000000,0x00000000a1ae87f0,0x00000000a1e00000)
 Metaspace       used 57078K, capacity 58632K, committed 58752K, reserved 1099776K
  class space    used 7936K, capacity 8289K, committed 8320K, reserved 1048576K
}
Event: 244.125 GC heap before
{Heap before GC invocations=54 (full 2):
 PSYoungGen      total 30720K, used 27351K [0x00000000e0000000, 0x00000000e2580000, 0x0000000100000000)
  eden space 26624K, 94% used [0x00000000e0000000,0x00000000e18958e0,0x00000000e1a00000)
  from space 4096K, 53% used [0x00000000e1a00000,0x00000000e1c20378,0x00000000e1e00000)
  to   space 4096K, 0% used [0x00000000e2180000,0x00000000e2180000,0x00000000e2580000)
 ParOldGen       total 30720K, used 27553K [0x00000000a0000000, 0x00000000a1e00000, 0x00000000e0000000)
  object space 30720K, 89% used [0x00000000a0000000,0x00000000a1ae87f0,0x00000000a1e00000)
 Metaspace       used 57490K, capacity 59028K, committed 59160K, reserved 1099776K
  class space    used 7970K, capacity 8331K, committed 8448K, reserved 1048576K
Event: 244.142 GC heap after
Heap after GC invocations=54 (full 2):
 PSYoungGen      total 33280K, used 2016K [0x00000000e0000000, 0x00000000e2480000, 0x0000000100000000)
  eden space 30208K, 0% used [0x00000000e0000000,0x00000000e0000000,0x00000000e1d80000)
  from space 3072K, 65% used [0x00000000e2180000,0x00000000e2378000,0x00000000e2480000)
  to   space 3584K, 0% used [0x00000000e1d80000,0x00000000e1d80000,0x00000000e2100000)
 ParOldGen       total 30720K, used 28495K [0x00000000a0000000, 0x00000000a1e00000, 0x00000000e0000000)
  object space 30720K, 92% used [0x00000000a0000000,0x00000000a1bd3cc0,0x00000000a1e00000)
 Metaspace       used 57490K, capacity 59028K, committed 59160K, reserved 1099776K
  class space    used 7970K, capacity 8331K, committed 8448K, reserved 1048576K
}
Event: 244.142 GC heap before
{Heap before GC invocations=55 (full 3):
 PSYoungGen      total 33280K, used 2016K [0x00000000e0000000, 0x00000000e2480000, 0x0000000100000000)
  eden space 30208K, 0% used [0x00000000e0000000,0x00000000e0000000,0x00000000e1d80000)
  from space 3072K, 65% used [0x00000000e2180000,0x00000000e2378000,0x00000000e2480000)
  to   space 3584K, 0% used [0x00000000e1d80000,0x00000000e1d80000,0x00000000e2100000)
 ParOldGen       total 30720K, used 28495K [0x00000000a0000000, 0x00000000a1e00000, 0x00000000e0000000)
  object space 30720K, 92% used [0x00000000a0000000,0x00000000a1bd3cc0,0x00000000a1e00000)
 Metaspace       used 57490K, capacity 59028K, committed 59160K, reserved 1099776K
  class space    used 7970K, capacity 8331K, committed 8448K, reserved 1048576K
Event: 244.765 GC heap after
Heap after GC invocations=55 (full 3):
 PSYoungGen      total 33280K, used 0K [0x00000000e0000000, 0x00000000e2480000, 0x0000000100000000)
  eden space 30208K, 0% used [0x00000000e0000000,0x00000000e0000000,0x00000000e1d80000)
  from space 3072K, 0% used [0x00000000e2180000,0x00000000e2180000,0x00000000e2480000)
  to   space 3584K, 0% used [0x00000000e1d80000,0x00000000e1d80000,0x00000000e2100000)
 ParOldGen       total 50688K, used 29258K [0x00000000a0000000, 0x00000000a3180000, 0x00000000e0000000)
  object space 50688K, 57% used [0x00000000a0000000,0x00000000a1c92878,0x00000000a3180000)
 Metaspace       used 57481K, capacity 58998K, committed 59160K, reserved 1099776K
  class space    used 7967K, capacity 8326K, committed 8448K, reserved 1048576K
}
Event: 807.354 GC heap before
{Heap before GC invocations=56 (full 3):
 PSYoungGen      total 33280K, used 30208K [0x00000000e0000000, 0x00000000e2480000, 0x0000000100000000)
  eden space 30208K, 100% used [0x00000000e0000000,0x00000000e1d80000,0x00000000e1d80000)
  from space 3072K, 0% used [0x00000000e2180000,0x00000000e2180000,0x00000000e2480000)
  to   space 3584K, 0% used [0x00000000e1d80000,0x00000000e1d80000,0x00000000e2100000)
 ParOldGen       total 50688K, used 29258K [0x00000000a0000000, 0x00000000a3180000, 0x00000000e0000000)
  object space 50688K, 57% used [0x00000000a0000000,0x00000000a1c92878,0x00000000a3180000)
 Metaspace       used 61204K, capacity 62886K, committed 63232K, reserved 1103872K
  class space    used 8278K, capacity 8674K, committed 8704K, reserved 1048576K
Event: 815.536 GC heap after
Heap after GC invocations=56 (full 3):
 PSYoungGen      total 33792K, used 3578K [0x00000000e0000000, 0x00000000e2900000, 0x0000000100000000)
  eden space 30208K, 0% used [0x00000000e0000000,0x00000000e0000000,0x00000000e1d80000)
  from space 3584K, 99% used [0x00000000e1d80000,0x00000000e20fea90,0x00000000e2100000)
  to   space 4096K, 0% used [0x00000000e2500000,0x00000000e2500000,0x00000000e2900000)
 ParOldGen       total 50688K, used 29377K [0x00000000a0000000, 0x00000000a3180000, 0x00000000e0000000)
  object space 50688K, 57% used [0x00000000a0000000,0x00000000a1cb0408,0x00000000a3180000)
 Metaspace       used 61204K, capacity 62886K, committed 63232K, reserved 1103872K
  class space    used 8278K, capacity 8674K, committed 8704K, reserved 1048576K
}

Deoptimization events (10 events):
Event: 2555.224 Thread 0x000000001b668000 Uncommon trap: reason=unstable_if action=reinterpret pc=0x0000000003b4ad84 method=org.gradle.internal.logging.sink.OutputEventTransformer.onOutput(Lorg/gradle/internal/logging/events/OutputEvent;)V @ 84
Event: 2566.633 Thread 0x000000001b668000 Uncommon trap: reason=null_check action=make_not_entrant pc=0x0000000003a41a5c method=sun.nio.fs.NativeBuffers.getNativeBufferFromCache(I)Lsun/nio/fs/NativeBuffer; @ 6
Event: 2566.890 Thread 0x000000001b668000 Uncommon trap: reason=null_check action=make_not_entrant pc=0x0000000003a4056c method=sun.nio.fs.NativeBuffers.releaseNativeBuffer(Lsun/nio/fs/NativeBuffer;)V @ 6
Event: 2593.432 Thread 0x000000001b668000 Uncommon trap: reason=unstable_if action=reinterpret pc=0x00000000036a0714 method=java.net.URLClassLoader.getAndVerifyPackage(Ljava/lang/String;Ljava/util/jar/Manifest;Ljava/net/URL;)Ljava/lang/Package; @ 62
Event: 2594.171 Thread 0x000000001b668000 Uncommon trap: reason=unstable_if action=reinterpret pc=0x000000000375e258 method=java.net.URLClassLoader.getAndVerifyPackage(Ljava/lang/String;Ljava/util/jar/Manifest;Ljava/net/URL;)Ljava/lang/Package; @ 62
Event: 2635.026 Thread 0x000000001b668000 Uncommon trap: reason=unstable_if action=reinterpret pc=0x00000000031a93ec method=java.util.Arrays.hashCode([Ljava/lang/Object;)I @ 34
Event: 2642.907 Thread 0x000000001b668000 Uncommon trap: reason=unstable_if action=reinterpret pc=0x0000000003996720 method=com.google.common.collect.MapMakerInternalMap$Segment.getEntry(Ljava/lang/Object;I)Lcom/google/common/collect/MapMakerInternalMap$InternalEntry; @ 4
Event: 2643.018 Thread 0x000000001b668000 Uncommon trap: reason=bimorphic action=maybe_recompile pc=0x0000000003a6250c method=com.google.common.cache.LocalCache$Segment.getEntry(Ljava/lang/Object;I)Lcom/google/common/cache/ReferenceEntry; @ 24
Event: 2643.601 Thread 0x000000001b668000 Uncommon trap: reason=bimorphic action=maybe_recompile pc=0x0000000003a6250c method=com.google.common.cache.LocalCache$Segment.getEntry(Ljava/lang/Object;I)Lcom/google/common/cache/ReferenceEntry; @ 24
Event: 2643.922 Thread 0x000000001b668000 Uncommon trap: reason=bimorphic action=maybe_recompile pc=0x0000000003a6250c method=com.google.common.cache.LocalCache$Segment.getEntry(Ljava/lang/Object;I)Lcom/google/common/cache/ReferenceEntry; @ 24

Internal exceptions (10 events):
Event: 2566.890 Thread 0x000000001b668000 Implicit null exception at 0x0000000003a40280 to 0x0000000003a4055c
Event: 2596.888 Thread 0x000000001b668000 Exception <a 'java/lang/NoSuchMethodError': <clinit>> (0x00000000e113f2a8) thrown at [C:\re\workspace\8-2-build-windows-amd64-cygwin\jdk8u111\7883\hotspot\src\share\vm\prims\jni.cpp, line 1613]
Event: 2611.764 Thread 0x000000001b668000 Exception <a 'java/lang/NoSuchMethodError': <clinit>> (0x00000000e11b1e10) thrown at [C:\re\workspace\8-2-build-windows-amd64-cygwin\jdk8u111\7883\hotspot\src\share\vm\prims\jni.cpp, line 1613]
Event: 2611.944 Thread 0x000000001b668000 Exception <a 'java/lang/NoSuchMethodError': <clinit>> (0x00000000e11bf0d0) thrown at [C:\re\workspace\8-2-build-windows-amd64-cygwin\jdk8u111\7883\hotspot\src\share\vm\prims\jni.cpp, line 1613]
Event: 2616.817 Thread 0x000000001b668000 Exception <a 'java/lang/NoSuchMethodError': <clinit>> (0x00000000e12dd4f0) thrown at [C:\re\workspace\8-2-build-windows-amd64-cygwin\jdk8u111\7883\hotspot\src\share\vm\prims\jni.cpp, line 1613]
Event: 2616.818 Thread 0x000000001b668000 Exception <a 'java/lang/NoSuchMethodError': <clinit>> (0x00000000e12e1438) thrown at [C:\re\workspace\8-2-build-windows-amd64-cygwin\jdk8u111\7883\hotspot\src\share\vm\prims\jni.cpp, line 1613]
Event: 2616.818 Thread 0x000000001b668000 Exception <a 'java/lang/NoSuchMethodError': <clinit>> (0x00000000e12e2f40) thrown at [C:\re\workspace\8-2-build-windows-amd64-cygwin\jdk8u111\7883\hotspot\src\share\vm\prims\jni.cpp, line 1613]
Event: 2616.819 Thread 0x000000001b668000 Exception <a 'java/lang/NoSuchMethodError': <clinit>> (0x00000000e12e4710) thrown at [C:\re\workspace\8-2-build-windows-amd64-cygwin\jdk8u111\7883\hotspot\src\share\vm\prims\jni.cpp, line 1613]
Event: 2616.834 Thread 0x000000001b668000 Exception <a 'java/lang/NoSuchMethodError': <clinit>> (0x00000000e12e5d90) thrown at [C:\re\workspace\8-2-build-windows-amd64-cygwin\jdk8u111\7883\hotspot\src\share\vm\prims\jni.cpp, line 1613]
Event: 2635.025 Thread 0x000000001b668000 Implicit null exception at 0x00000000031a932f to 0x00000000031a93cd

Events (10 events):
Event: 2654.733 Thread 0x0000000016063800 flushing nmethod 0x0000000002cd5450
Event: 2654.790 Thread 0x0000000016063800 flushing nmethod 0x0000000002d378d0
Event: 2658.888 Thread 0x0000000016063800 flushing nmethod 0x0000000003089bd0
Event: 2658.930 Thread 0x0000000016063800 flushing nmethod 0x00000000030bf390
Event: 2659.543 Thread 0x0000000016063800 flushing nmethod 0x0000000003192c10
Event: 2659.568 Thread 0x0000000016009000 flushing nmethod 0x000000000329d250
Event: 2659.568 Thread 0x0000000016009000 flushing nmethod 0x00000000032b0910
Event: 2663.265 Thread 0x0000000016063800 flushing nmethod 0x0000000003714a50
Event: 2663.306 Thread 0x0000000016063800 flushing nmethod 0x000000000373e450
Event: 2663.409 Thread 0x0000000016009000 flushing nmethod 0x00000000038d0f10


Dynamic libraries:
0x00007ff755d70000 - 0x00007ff755da7000 	C:\Program Files\Java\jdk1.8.0_111\bin\java.exe
0x00007ffa26d90000 - 0x00007ffa26f7d000 	C:\WINDOWS\SYSTEM32\ntdll.dll
0x00007ffa24760000 - 0x00007ffa24813000 	C:\WINDOWS\System32\KERNEL32.DLL
0x00007ffa239b0000 - 0x00007ffa23c43000 	C:\WINDOWS\System32\KERNELBASE.dll
0x00007ffa25200000 - 0x00007ffa252a3000 	C:\WINDOWS\System32\ADVAPI32.dll
0x00007ffa254d0000 - 0x00007ffa2556e000 	C:\WINDOWS\System32\msvcrt.dll
0x00007ffa24e40000 - 0x00007ffa24ede000 	C:\WINDOWS\System32\sechost.dll
0x00007ffa250d0000 - 0x00007ffa251f2000 	C:\WINDOWS\System32\RPCRT4.dll
0x00007ffa25330000 - 0x00007ffa254c7000 	C:\WINDOWS\System32\USER32.dll
0x00007ffa22e50000 - 0x00007ffa22e70000 	C:\WINDOWS\System32\win32u.dll
0x00007ffa26d30000 - 0x00007ffa26d59000 	C:\WINDOWS\System32\GDI32.dll
0x00007ffa235f0000 - 0x00007ffa23789000 	C:\WINDOWS\System32\gdi32full.dll
0x00007ffa23840000 - 0x00007ffa238e0000 	C:\WINDOWS\System32\msvcp_win.dll
0x00007ffa23c50000 - 0x00007ffa23d4a000 	C:\WINDOWS\System32\ucrtbase.dll
0x00007ffa1c1e0000 - 0x00007ffa1c459000 	C:\WINDOWS\WinSxS\amd64_microsoft.windows.common-controls_6595b64144ccf1df_6.0.17763.864_none_05b3441807210760\COMCTL32.dll
0x00007ffa248f0000 - 0x00007ffa24c1c000 	C:\WINDOWS\System32\combase.dll
0x00007ffa23f30000 - 0x00007ffa23fae000 	C:\WINDOWS\System32\bcryptPrimitives.dll
0x00007ffa24ee0000 - 0x00007ffa24f0e000 	C:\WINDOWS\System32\IMM32.DLL
0x000000006ce40000 - 0x000000006cf12000 	C:\Program Files\Java\jdk1.8.0_111\jre\bin\msvcr100.dll
0x000000006c5a0000 - 0x000000006ce3a000 	C:\Program Files\Java\jdk1.8.0_111\jre\bin\server\jvm.dll
0x00007ffa256a0000 - 0x00007ffa256a8000 	C:\WINDOWS\System32\PSAPI.DLL
0x00007ffa13bd0000 - 0x00007ffa13bd9000 	C:\WINDOWS\SYSTEM32\WSOCK32.dll
0x00007ffa252c0000 - 0x00007ffa2532d000 	C:\WINDOWS\System32\WS2_32.dll
0x00007ffa20ab0000 - 0x00007ffa20ad4000 	C:\WINDOWS\SYSTEM32\WINMM.dll
0x00007ffa15110000 - 0x00007ffa1511a000 	C:\WINDOWS\SYSTEM32\VERSION.dll
0x00007ffa20a80000 - 0x00007ffa20aad000 	C:\WINDOWS\SYSTEM32\WINMMBASE.dll
0x00007ffa23960000 - 0x00007ffa239aa000 	C:\WINDOWS\System32\cfgmgr32.dll
0x000000006c590000 - 0x000000006c59f000 	C:\Program Files\Java\jdk1.8.0_111\jre\bin\verify.dll
0x000000006c560000 - 0x000000006c589000 	C:\Program Files\Java\jdk1.8.0_111\jre\bin\java.dll
0x000000006c540000 - 0x000000006c556000 	C:\Program Files\Java\jdk1.8.0_111\jre\bin\zip.dll
0x00007ffa25760000 - 0x00007ffa26c54000 	C:\WINDOWS\System32\SHELL32.dll
0x00007ffa256b0000 - 0x00007ffa25758000 	C:\WINDOWS\System32\shcore.dll
0x00007ffa22e70000 - 0x00007ffa235bd000 	C:\WINDOWS\System32\windows.storage.dll
0x00007ffa22e00000 - 0x00007ffa22e24000 	C:\WINDOWS\System32\profapi.dll
0x00007ffa22da0000 - 0x00007ffa22dfd000 	C:\WINDOWS\System32\powrprof.dll
0x00007ffa24890000 - 0x00007ffa248e2000 	C:\WINDOWS\System32\shlwapi.dll
0x00007ffa22d80000 - 0x00007ffa22d91000 	C:\WINDOWS\System32\kernel.appcore.dll
0x00007ffa238e0000 - 0x00007ffa238f7000 	C:\WINDOWS\System32\cryptsp.dll
0x000000006c520000 - 0x000000006c53a000 	C:\Program Files\Java\jdk1.8.0_111\jre\bin\net.dll
0x00007ffa22590000 - 0x00007ffa225f7000 	C:\WINDOWS\system32\mswsock.dll
0x000000006c500000 - 0x000000006c511000 	C:\Program Files\Java\jdk1.8.0_111\jre\bin\nio.dll
0x00007ffa0adc0000 - 0x00007ffa0ade6000 	C:\Users\fallm\.gradle\native\29\windows-amd64\native-platform.dll
0x000000006c4f0000 - 0x000000006c4fd000 	C:\Program Files\Java\jdk1.8.0_111\jre\bin\management.dll
0x00007ffa22110000 - 0x00007ffa22143000 	C:\WINDOWS\system32\rsaenh.dll
0x00007ffa235c0000 - 0x00007ffa235e6000 	C:\WINDOWS\System32\bcrypt.dll
0x00007ffa22cb0000 - 0x00007ffa22cd8000 	C:\WINDOWS\SYSTEM32\USERENV.dll
0x00007ffa22760000 - 0x00007ffa2276c000 	C:\WINDOWS\SYSTEM32\CRYPTBASE.dll
0x00007ffa222b0000 - 0x00007ffa222ed000 	C:\WINDOWS\SYSTEM32\IPHLPAPI.DLL
0x00007ffa252b0000 - 0x00007ffa252b8000 	C:\WINDOWS\System32\NSI.dll
0x00007ffa1a0a0000 - 0x00007ffa1a0b6000 	C:\WINDOWS\SYSTEM32\dhcpcsvc6.DLL
0x00007ffa1a1c0000 - 0x00007ffa1a1dc000 	C:\WINDOWS\SYSTEM32\dhcpcsvc.DLL
0x00007ffa222f0000 - 0x00007ffa223b6000 	C:\WINDOWS\SYSTEM32\DNSAPI.dll

VM Arguments:
jvm_args: -Xmx1536m -Dfile.encoding=windows-1252 -Duser.country=FR -Duser.language=fr -Duser.variant 
java_command: org.gradle.launcher.daemon.bootstrap.GradleDaemon 5.4.1
java_class_path (initial): C:\Users\fallm\.gradle\wrapper\dists\gradle-5.4.1-all\3221gyojl5jsh0helicew7rwx\gradle-5.4.1\lib\gradle-launcher-5.4.1.jar
Launcher Type: SUN_STANDARD

Environment Variables:
JAVA_HOME=C:\Program Files\Java\jdk1.8.0_111\bin
PATH=C:\ProgramData\Oracle\Java\javapath;C:\WINDOWS\system32;C:\WINDOWS;C:\WINDOWS\System32\Wbem;C:\WINDOWS\System32\WindowsPowerShell\v1.0\;C:\WINDOWS\System32\OpenSSH\;C:\Program Files\nodejs\;C:\Program Files\Git\cmd;C:\Program Files\Git\bin;C:\wamp\bin\php\php5.5.12;C:\composer;C:\Program Files\Java\jdk1.8.0_111\bin;C:\Users\fallm\AppData\Local\Microsoft\WindowsApps;C:\Users\fallm\AppData\Roaming\npm;C:\Users\fallm\AppData\Local\Programs\Microsoft VS Code\bin;C:\Users\fallm\AppData\Roaming\Composer\vendor\bin
USERNAME=fallm
OS=Windows_NT
PROCESSOR_IDENTIFIER=Intel64 Family 6 Model 55 Stepping 8, GenuineIntel



---------------  S Y S T E M  ---------------

OS: Windows 10.0 , 64 bit Build 17763 (10.0.17763.475)

CPU:total 2 (2 cores per cpu, 1 threads per core) family 6 model 55 stepping 8, cmov, cx8, fxsr, mmx, sse, sse2, sse3, ssse3, sse4.1, sse4.2, popcnt, clmul, erms, 3dnowpref, tsc, tscinvbit

Memory: 4k page, physical 1974324k(252844k free), swap 4071476k(220848k free)

vm_info: Java HotSpot(TM) 64-Bit Server VM (25.111-b14) for windows-amd64 JRE (1.8.0_111-b14), built on Sep 22 2016 19:24:05 by "java_re" with MS VC++ 10.0 (VS2010)

time: Sat Dec 07 03:09:45 2019
elapsed time: 2679 seconds (0d 0h 44m 39s)

